Added Component: Designator=C1(CAPC3216X180N)
Add component (AddParameter): Name = "Availability"; Value = "Unavailable"; VariantName = "[No Variations]"
Add component (AddParameter): Name = "MF"; Value = "{'manufacturer': u'TDK Corporation'}"; VariantName = "[No Variations]"
Add component (AddParameter): Name = "MP"; Value = "C3216X6S1A476M160AC"; VariantName = "[No Variations]"
Add component (AddParameter): Name = "Package"; Value = "None"; VariantName = "[No Variations]"
Add component (AddParameter): Name = "Price"; Value = "None"; VariantName = "[No Variations]"
Add component (AddParameter): Name = "Value"; Value = ""; VariantName = "[No Variations]"
Added Component: Designator=C2(CAPPRD500W60D800H1500)
Add component (AddParameter): Name = "Availability"; Value = "In Stock"; VariantName = "[No Variations]"
Add component (AddParameter): Name = "Check_prices"; Value = "https://www.snapeda.com/parts/EEUFR1A102LB/Panasonic/view-part/?ref=eda"; VariantName = "[No Variations]"
Add component (AddParameter): Name = "MF"; Value = "Panasonic"; VariantName = "[No Variations]"
Add component (AddParameter): Name = "MP"; Value = "EEUFR1A102LB"; VariantName = "[No Variations]"
Add component (AddParameter): Name = "Package"; Value = "RADIAL-2 Panasonic"; VariantName = "[No Variations]"
Add component (AddParameter): Name = "Price"; Value = "None"; VariantName = "[No Variations]"
Add component (AddParameter): Name = "SnapEDA_Link"; Value = "https://www.snapeda.com/parts/EEUFR1A102LB/Panasonic/view-part/?ref=snap"; VariantName = "[No Variations]"
Add component (AddParameter): Name = "Value"; Value = ""; VariantName = "[No Variations]"
Added Component: Designator=D1(LEDC2012X70N)
Add component (AddParameter): Name = "Availability"; Value = "Unavailable"; VariantName = "[No Variations]"
Add component (AddParameter): Name = "MF"; Value = ""; VariantName = "[No Variations]"
Add component (AddParameter): Name = "MP"; Value = "597-3305-607F"; VariantName = "[No Variations]"
Add component (AddParameter): Name = "Package"; Value = "None"; VariantName = "[No Variations]"
Add component (AddParameter): Name = "Price"; Value = "None"; VariantName = "[No Variations]"
Add component (AddParameter): Name = "Value"; Value = ""; VariantName = "[No Variations]"
Added Component: Designator=J1(PHOENIX_1729128)
Add component (AddParameter): Name = "Check_prices"; Value = "https://www.snapeda.com/parts/1729128/Phoenix+Contact/view-part/?ref=eda"; VariantName = "[No Variations]"
Add component (AddParameter): Name = "MF"; Value = "Phoenix Contact"; VariantName = "[No Variations]"
Add component (AddParameter): Name = "MP"; Value = "1729128"; VariantName = "[No Variations]"
Add component (AddParameter): Name = "Package"; Value = "None"; VariantName = "[No Variations]"
Add component (AddParameter): Name = "SnapEDA_Link"; Value = "https://www.snapeda.com/parts/1729128/Phoenix+Contact/view-part/?ref=snap"; VariantName = "[No Variations]"
Add component (AddParameter): Name = "Value"; Value = ""; VariantName = "[No Variations]"
Added Component: Designator=P1(PCB_Pin_1)
Added Component: Designator=P2(PCB_Pin_1)
Added Component: Designator=P3(PCB_Pin_1)
Added Component: Designator=P4(PCB_Pin_1)
Added Component: Designator=P5(PCB_Pin_1)
Added Component: Designator=P6(PCB_Pin_1)
Added Component: Designator=P7(PCB_Pin_1)
Added Component: Designator=P8(PCB_Pin_1)
Added Component: Designator=P9(PCB_Pin_1)
Added Component: Designator=P10(PCB_Pin_1)
Added Component: Designator=P11(PCB_Pin_1)
Added Component: Designator=P12(PCB_Pin_1)
Added Component: Designator=P13(PCB_Pin_1)
Added Component: Designator=P14(PCB_Pin_1)
Added Component: Designator=P15(PCB_Pin_1)
Added Component: Designator=P16(PCB_Pin_1)
Added Component: Designator=P17(PCB_Pin_1)
Added Component: Designator=P18(PCB_Pin_1)
Added Component: Designator=P19(PCB_Pin_1)
Added Component: Designator=P20(PCB_Pin_1)
Added Component: Designator=P21(PCB_Pin_1)
Add component: Footprint Not Found DPAK228P994X240_3N
Add component: Footprint Not Found RES_ERJB3CFR15V
Add component: Footprint Not Found RES_ERJB3CFR15V
Add component: Footprint Not Found RES_ERJB3CFR15V
Add component: Footprint Not Found RES_ERJB3CFR15V
Added Component: Designator=U1(SOP65P640X110-28N)
Add component (AddParameter): Name = "Check_prices"; Value = "https://www.snapeda.com/parts/PCA9685PW,118/NXP+Semiconductors/view-part/?ref=eda"; VariantName = "[No Variations]"
Add component (AddParameter): Name = "MF"; Value = "NXP USA"; VariantName = "[No Variations]"
Add component (AddParameter): Name = "MP"; Value = "PCA9685PW,118"; VariantName = "[No Variations]"
Add component (AddParameter): Name = "Package"; Value = "TSSOP-28 NXP Semiconductors"; VariantName = "[No Variations]"
Add component (AddParameter): Name = "SnapEDA_Link"; Value = "https://www.snapeda.com/parts/PCA9685PW,118/NXP+Semiconductors/view-part/?ref=snap"; VariantName = "[No Variations]"
Add component (AddParameter): Name = "Value"; Value = ""; VariantName = "[No Variations]"
Added Pin To Net: NetName=+5 Pin=C2-P
Added Pin To Net: NetName=+5 Pin=P6-0
Added Pin To Net: NetName=+5 Pin=P7-0
Added Pin To Net: NetName=+5 Pin=P8-0
Added Pin To Net: NetName=+5 Pin=P9-0
Added Pin To Net: NetName=+5 Pin=P10-0
Added Pin To Net: NetName=+5 Pin=P21-0
Added Net: Name=+5
Added Pin To Net: NetName=GND Pin=C1-1
Added Pin To Net: NetName=GND Pin=C2-N
Added Pin To Net: NetName=GND Pin=J1-2
Added Pin To Net: NetName=GND Pin=P11-0
Added Pin To Net: NetName=GND Pin=P12-0
Added Pin To Net: NetName=GND Pin=P13-0
Added Pin To Net: NetName=GND Pin=P14-0
Added Pin To Net: NetName=GND Pin=P15-0
Added Pin To Net: NetName=GND Pin=P17-0
Added Pin To Net: NetName=GND Pin=U1-1
Added Pin To Net: NetName=GND Pin=U1-2
Added Pin To Net: NetName=GND Pin=U1-3
Added Pin To Net: NetName=GND Pin=U1-4
Added Pin To Net: NetName=GND Pin=U1-5
Added Pin To Net: NetName=GND Pin=U1-14
Added Pin To Net: NetName=GND Pin=U1-24
Added Pin To Net: NetName=GND Pin=U1-25
Added Net: Name=GND
Added Pin To Net: NetName=NetD1_C Pin=D1-C
Added Net: Name=NetD1_C
Added Pin To Net: NetName=NetJ1_1 Pin=J1-1
Added Net: Name=NetJ1_1
Added Pin To Net: NetName=NetP1_0 Pin=P1-0
Added Pin To Net: NetName=NetP1_0 Pin=U1-6
Added Net: Name=NetP1_0
Added Pin To Net: NetName=NetP2_0 Pin=P2-0
Added Pin To Net: NetName=NetP2_0 Pin=U1-7
Added Net: Name=NetP2_0
Added Pin To Net: NetName=NetP3_0 Pin=P3-0
Added Pin To Net: NetName=NetP3_0 Pin=U1-8
Added Net: Name=NetP3_0
Added Pin To Net: NetName=NetP4_0 Pin=P4-0
Added Pin To Net: NetName=NetP4_0 Pin=U1-9
Added Net: Name=NetP4_0
Added Pin To Net: NetName=NetP5_0 Pin=P5-0
Added Pin To Net: NetName=NetP5_0 Pin=U1-10
Added Net: Name=NetP5_0
Added Pin To Net: NetName=OE Pin=P20-0
Added Pin To Net: NetName=OE Pin=U1-23
Added Net: Name=OE
Added Pin To Net: NetName=SCL Pin=P19-0
Added Pin To Net: NetName=SCL Pin=U1-26
Added Net: Name=SCL
Added Pin To Net: NetName=SDA Pin=P18-0
Added Pin To Net: NetName=SDA Pin=U1-27
Added Net: Name=SDA
Added Pin To Net: NetName=VCC Pin=C1-2
Added Pin To Net: NetName=VCC Pin=D1-A
Added Pin To Net: NetName=VCC Pin=P16-0
Added Pin To Net: NetName=VCC Pin=U1-28
Added Net: Name=VCC
Added Class: Name=PCA9685_sheet
Added Rule: Name=Schematic Supply Nets
Added Rule: Name=Schematic Supply Nets_1
Added Rule: Name=Schematic Supply Nets_2
Added Rule: Name=Schematic Supply Nets_3
Added Rule: Name=Schematic Supply Nets_4
Added Rule: Name=Schematic Supply Nets_5
