Change Component Comment : Designator=R2 Old Comment=10K New Comment=10 KOhms
Change Component Comment : Designator=R3 Old Comment=10K New Comment=10 KOhms
Change Component Comment : Designator=R4 Old Comment=10K New Comment=10 KOhms
Change Component Comment : Designator=C1 Old Comment=10u New Comment=10 uF
Change Component Comment : Designator=C2 Old Comment=100n New Comment=100 nF
Change Component Comment : Designator=R5 Old Comment=220 New Comment=220 Ohms
Change Component Comment : Designator=R6 Old Comment=220 New Comment=220 Ohms
Change Component Comment : Designator=R7 Old Comment=220 New Comment=220 Ohms
Change Component Comment : Designator=R8 Old Comment=220 New Comment=220 Ohms
Change Component Comment : Designator=R9 Old Comment=220 New Comment=220 Ohms
Change Component Comment : Designator=R1 Old Comment=470 New Comment=470 Ohms
Change Component Comment : Designator=C3 Old Comment=1000u New Comment=1000uF
Change Component Description : Designator=J1 Old Description=PCB Terminal Screw 5.08mm 16AWG 400V 13.5A 2 Position COMBICON MKDSN Series New Description=PCB Terminal Screw 5.08mm 16AWG 400V 13.5A 2 Position COMBICON MKDSN Series | Phoenix Contact 1729128
Added Component: Designator=D7(LEDC2012X70N)
Add component (AddParameter): Name = "Availability"; Value = "Unavailable"; VariantName = "[No Variations]"
Add component (AddParameter): Name = "MF"; Value = ""; VariantName = "[No Variations]"
Add component (AddParameter): Name = "MP"; Value = "597-3305-607F"; VariantName = "[No Variations]"
Add component (AddParameter): Name = "Package"; Value = "None"; VariantName = "[No Variations]"
Add component (AddParameter): Name = "Price"; Value = "None"; VariantName = "[No Variations]"
Add component (AddParameter): Name = "Value"; Value = ""; VariantName = "[No Variations]"
Added Component: Designator=R15(RES_ERJB3CFR15V)
Add component (AddParameter): Name = "Availability"; Value = "Unavailable"; VariantName = "[No Variations]"
Add component (AddParameter): Name = "MF"; Value = ""; VariantName = "[No Variations]"
Add component (AddParameter): Name = "MP"; Value = "ERJB3CFR15V"; VariantName = "[No Variations]"
Add component (AddParameter): Name = "Package"; Value = "None"; VariantName = "[No Variations]"
Add component (AddParameter): Name = "Price"; Value = "None"; VariantName = "[No Variations]"
Add component (AddParameter): Name = "Value"; Value = ""; VariantName = "[No Variations]"
Added Pin To Net: NetName=+5 Pin=D7-A
Added Pin To Net: NetName=GND Pin=R15-1
Added Pin To Net: NetName=NetD7_C Pin=D7-C
Added Pin To Net: NetName=NetD7_C Pin=R15-2
Added Net: Name=NetD7_C
Added Member To Class: ClassName=PCA9685_sheet Member=Component D7 GREEN
Added Member To Class: ClassName=PCA9685_sheet Member=Component R15 470 Ohms
