Removed Pin From Net: NetName=NetD1_A Pin=P1-0
Removed Pin From Net: NetName=NetD2_A Pin=P2-0
Removed Pin From Net: NetName=NetD3_A Pin=P3-0
Removed Pin From Net: NetName=NetD4_A Pin=P4-0
Removed Pin From Net: NetName=NetD5_A Pin=P5-0
Removed Pin From Net: NetName=NetD1_A Pin=R5-2
Removed Pin From Net: NetName=NetD2_A Pin=R6-2
Removed Pin From Net: NetName=NetD3_A Pin=R7-2
Removed Pin From Net: NetName=NetD4_A Pin=R8-2
Removed Pin From Net: NetName=NetD5_A Pin=R9-2
Change Component Designator: OldDesignator=Q NewDesignator=Q1
Change Component Description : Designator=J1 Old Description=PCB Terminal Screw 5.08mm 16AWG 400V 13.5A 2 Position COMBICON MKDSN Series New Description=PCB Terminal Screw 5.08mm 16AWG 400V 13.5A 2 Position COMBICON MKDSN Series | Phoenix Contact 1729128
Added Component: Designator=R10(RES_ERJB3CFR15V)
Add component (AddParameter): Name = "Availability"; Value = "Unavailable"; VariantName = "[No Variations]"
Add component (AddParameter): Name = "MF"; Value = ""; VariantName = "[No Variations]"
Add component (AddParameter): Name = "MP"; Value = "ERJB3CFR15V"; VariantName = "[No Variations]"
Add component (AddParameter): Name = "Package"; Value = "None"; VariantName = "[No Variations]"
Add component (AddParameter): Name = "Price"; Value = "None"; VariantName = "[No Variations]"
Add component (AddParameter): Name = "Value"; Value = ""; VariantName = "[No Variations]"
Added Component: Designator=R11(RES_ERJB3CFR15V)
Add component (AddParameter): Name = "Availability"; Value = "Unavailable"; VariantName = "[No Variations]"
Add component (AddParameter): Name = "MF"; Value = ""; VariantName = "[No Variations]"
Add component (AddParameter): Name = "MP"; Value = "ERJB3CFR15V"; VariantName = "[No Variations]"
Add component (AddParameter): Name = "Package"; Value = "None"; VariantName = "[No Variations]"
Add component (AddParameter): Name = "Price"; Value = "None"; VariantName = "[No Variations]"
Add component (AddParameter): Name = "Value"; Value = ""; VariantName = "[No Variations]"
Added Component: Designator=R12(RES_ERJB3CFR15V)
Add component (AddParameter): Name = "Availability"; Value = "Unavailable"; VariantName = "[No Variations]"
Add component (AddParameter): Name = "MF"; Value = ""; VariantName = "[No Variations]"
Add component (AddParameter): Name = "MP"; Value = "ERJB3CFR15V"; VariantName = "[No Variations]"
Add component (AddParameter): Name = "Package"; Value = "None"; VariantName = "[No Variations]"
Add component (AddParameter): Name = "Price"; Value = "None"; VariantName = "[No Variations]"
Add component (AddParameter): Name = "Value"; Value = ""; VariantName = "[No Variations]"
Added Component: Designator=R13(RES_ERJB3CFR15V)
Add component (AddParameter): Name = "Availability"; Value = "Unavailable"; VariantName = "[No Variations]"
Add component (AddParameter): Name = "MF"; Value = ""; VariantName = "[No Variations]"
Add component (AddParameter): Name = "MP"; Value = "ERJB3CFR15V"; VariantName = "[No Variations]"
Add component (AddParameter): Name = "Package"; Value = "None"; VariantName = "[No Variations]"
Add component (AddParameter): Name = "Price"; Value = "None"; VariantName = "[No Variations]"
Add component (AddParameter): Name = "Value"; Value = ""; VariantName = "[No Variations]"
Added Component: Designator=R14(RES_ERJB3CFR15V)
Add component (AddParameter): Name = "Availability"; Value = "Unavailable"; VariantName = "[No Variations]"
Add component (AddParameter): Name = "MF"; Value = ""; VariantName = "[No Variations]"
Add component (AddParameter): Name = "MP"; Value = "ERJB3CFR15V"; VariantName = "[No Variations]"
Add component (AddParameter): Name = "Package"; Value = "None"; VariantName = "[No Variations]"
Add component (AddParameter): Name = "Price"; Value = "None"; VariantName = "[No Variations]"
Add component (AddParameter): Name = "Value"; Value = ""; VariantName = "[No Variations]"
Added Pin To Net: NetName=NetD1_A Pin=R10-2
Added Pin To Net: NetName=NetD2_A Pin=R11-2
Added Pin To Net: NetName=NetD3_A Pin=R12-2
Added Pin To Net: NetName=NetD4_A Pin=R13-2
Added Pin To Net: NetName=NetD5_A Pin=R14-2
Added Pin To Net: NetName=NetP1_0 Pin=P1-0
Added Pin To Net: NetName=NetP1_0 Pin=R5-2
Added Pin To Net: NetName=NetP1_0 Pin=R10-1
Added Net: Name=NetP1_0
Added Pin To Net: NetName=NetP2_0 Pin=P2-0
Added Pin To Net: NetName=NetP2_0 Pin=R6-2
Added Pin To Net: NetName=NetP2_0 Pin=R11-1
Added Net: Name=NetP2_0
Added Pin To Net: NetName=NetP3_0 Pin=P3-0
Added Pin To Net: NetName=NetP3_0 Pin=R7-2
Added Pin To Net: NetName=NetP3_0 Pin=R12-1
Added Net: Name=NetP3_0
Added Pin To Net: NetName=NetP4_0 Pin=P4-0
Added Pin To Net: NetName=NetP4_0 Pin=R8-2
Added Pin To Net: NetName=NetP4_0 Pin=R13-1
Added Net: Name=NetP4_0
Added Pin To Net: NetName=NetP5_0 Pin=P5-0
Added Pin To Net: NetName=NetP5_0 Pin=R9-2
Added Pin To Net: NetName=NetP5_0 Pin=R14-1
Added Net: Name=NetP5_0
Added Member To Class: ClassName=PCA9685_sheet Member=Component R10 1 KOhms
Added Member To Class: ClassName=PCA9685_sheet Member=Component R11 1 KOhms
Added Member To Class: ClassName=PCA9685_sheet Member=Component R12 1 KOhms
Added Member To Class: ClassName=PCA9685_sheet Member=Component R13 1 KOhms
Added Member To Class: ClassName=PCA9685_sheet Member=Component R14 1 KOhms
